2026-05-24 11:07:47,890 WARNING django.request Not Found: /favicon.ico
2026-05-24 11:07:47,890 WARNING django.server "GET /favicon.ico HTTP/1.1" 404 4067
2026-05-24 13:38:37,238 WARNING django.request Not Found: /favicon.ico
2026-05-24 13:38:37,238 WARNING django.server "GET /favicon.ico HTTP/1.1" 404 4067
2026-05-24 20:27:13,297 WARNING django.request Not Found: /favicon.ico
2026-05-24 20:27:13,298 WARNING django.server "GET /favicon.ico HTTP/1.1" 404 4067
2026-05-25 07:43:46,537 WARNING django.request Not Found: /favicon.ico
2026-05-25 07:43:46,538 WARNING django.server "GET /favicon.ico HTTP/1.1" 404 4067
2026-05-25 07:48:41,280 INFO apps.cota365.views cota365 import ok | tipo=a_receber arquivo=areceber.csv sha256=13a8ad8fdee641d7bb3f8dade98db99823119ef7ade47fcd55f8caaa4b0e6584 registros=1273
2026-05-25 07:48:52,137 INFO apps.cota365.views cota365 import ok | tipo=recebidas arquivo=recebido.csv sha256=65edeb6b9fef0093cd9d67e100f85d17ba6beff807fc6bec640a04602ae07d43 registros=42
2026-05-25 07:55:53,020 INFO apps.cota365.views cota365 import ok | tipo=vinculo arquivo=vinculos.csv sha256=fee14bd84a6c4acfd9777bc052a0731d4f33a97547ea583c69ecdd121b743c76 registros=180
2026-05-25 07:57:09,982 INFO apps.cota365.views cota365 import ok | tipo=tabela arquivo=vinculos.csv sha256=c61cb71827b8f87c87cc559966815e966a90e94c52c38b47853f219fc51bc1d7 registros=180
2026-05-25 08:12:50,128 INFO apps.cota365.views cota365 import ok | tipo=vinculo arquivo=vinculos.csv sha256=c61cb71827b8f87c87cc559966815e966a90e94c52c38b47853f219fc51bc1d7 registros=180
2026-05-25 09:30:57,015 WARNING django.request Not Found: /incorporadora/empresa
2026-05-25 09:30:57,018 WARNING django.server "GET /incorporadora/empresa HTTP/1.1" 404 5259
2026-05-25 10:30:43,771 INFO apps.cota365.views cota365 import ok | tipo=a_receber arquivo=areceber.csv sha256=bb7cfffd79e2d99265c7c277c131e150b4c77370b36a241b20b86dbfc2f469d3 registros=1830
2026-05-25 10:30:52,423 INFO apps.cota365.views cota365 import ok | tipo=recebidas arquivo=recebido.csv sha256=b6b91ae23f2954cde0fae45d5fb40ddf9af6b59d57a1d42e6143c2628304910e registros=1673
2026-05-25 10:37:03,962 INFO apps.cota365.views cota365 import ok | tipo=a_receber arquivo=areceber.csv sha256=eaad0387de71ccbefce8bc73cf411b4832b2ac227b49aa6e6db95d7488a63a9d registros=1273
2026-05-25 10:37:12,539 INFO apps.cota365.views cota365 import ok | tipo=recebidas arquivo=recebido.csv sha256=65edeb6b9fef0093cd9d67e100f85d17ba6beff807fc6bec640a04602ae07d43 registros=42
2026-05-25 11:26:50,962 INFO apps.cota365.views cota365 import ok | tipo=a_receber arquivo=areceber.csv sha256=eaad0387de71ccbefce8bc73cf411b4832b2ac227b49aa6e6db95d7488a63a9d registros=1273
2026-05-25 11:27:00,724 INFO apps.cota365.views cota365 import ok | tipo=recebidas arquivo=recebido.csv sha256=65edeb6b9fef0093cd9d67e100f85d17ba6beff807fc6bec640a04602ae07d43 registros=42
2026-05-25 11:34:06,005 INFO apps.cota365.views cota365 import ok | tipo=a_receber arquivo=areceber.csv sha256=eaad0387de71ccbefce8bc73cf411b4832b2ac227b49aa6e6db95d7488a63a9d registros=1273
2026-05-25 11:34:15,562 INFO apps.cota365.views cota365 import ok | tipo=recebidas arquivo=recebido.csv sha256=65edeb6b9fef0093cd9d67e100f85d17ba6beff807fc6bec640a04602ae07d43 registros=42
2026-05-25 13:59:58,718 ERROR django.request Internal Server Error: /incorporadora/empreendimentos/exportar-excel/
Traceback (most recent call last):
  File "C:\newway\intranet\.venv\Lib\site-packages\django\core\handlers\exception.py", line 55, in inner
    response = get_response(request)
  File "C:\newway\intranet\.venv\Lib\site-packages\django\core\handlers\base.py", line 197, in _get_response
    response = wrapped_callback(request, *callback_args, **callback_kwargs)
  File "C:\newway\intranet\.venv\Lib\site-packages\django\contrib\auth\decorators.py", line 59, in _view_wrapper
    return view_func(request, *args, **kwargs)
  File "C:\newway\intranet\apps\incorporadora\views.py", line 225, in empreendimento_export_excel
    response = HttpResponse(
               ^^^^^^^^^^^^
NameError: name 'HttpResponse' is not defined
2026-05-25 13:59:58,723 ERROR django.server "GET /incorporadora/empreendimentos/exportar-excel/ HTTP/1.1" 500 87457
2026-05-26 07:25:04,903 WARNING django.request Not Found: /favicon.ico
2026-05-26 07:25:04,906 WARNING django.server "GET /favicon.ico HTTP/1.1" 404 4224
2026-05-26 08:38:30,613 ERROR django.request Internal Server Error: /incorporadora/blocos/1/unidades/pdf/
Traceback (most recent call last):
  File "C:\newway\intranet\.venv\Lib\site-packages\django\core\handlers\exception.py", line 55, in inner
    response = get_response(request)
  File "C:\newway\intranet\.venv\Lib\site-packages\django\core\handlers\base.py", line 197, in _get_response
    response = wrapped_callback(request, *callback_args, **callback_kwargs)
  File "C:\newway\intranet\.venv\Lib\site-packages\django\contrib\auth\decorators.py", line 59, in _view_wrapper
    return view_func(request, *args, **kwargs)
  File "C:\newway\intranet\apps\incorporadora\views.py", line 974, in unidade_list_pdf
    zero = Decimal('0')
           ^^^^^^^
NameError: name 'Decimal' is not defined
2026-05-26 08:38:30,617 ERROR django.server "GET /incorporadora/blocos/1/unidades/pdf/ HTTP/1.1" 500 92008
2026-05-26 08:38:41,137 ERROR django.request Internal Server Error: /incorporadora/blocos/1/unidades/pdf/
Traceback (most recent call last):
  File "C:\newway\intranet\.venv\Lib\site-packages\django\core\handlers\exception.py", line 55, in inner
    response = get_response(request)
  File "C:\newway\intranet\.venv\Lib\site-packages\django\core\handlers\base.py", line 197, in _get_response
    response = wrapped_callback(request, *callback_args, **callback_kwargs)
  File "C:\newway\intranet\.venv\Lib\site-packages\django\contrib\auth\decorators.py", line 59, in _view_wrapper
    return view_func(request, *args, **kwargs)
  File "C:\newway\intranet\apps\incorporadora\views.py", line 974, in unidade_list_pdf
    zero = Decimal('0')
           ^^^^^^^
NameError: name 'Decimal' is not defined
2026-05-26 08:38:41,139 ERROR django.server "GET /incorporadora/blocos/1/unidades/pdf/ HTTP/1.1" 500 92008
2026-05-26 09:37:58,399 ERROR django.request Internal Server Error: /incorporadora/empreendimentos/1/blocos/
Traceback (most recent call last):
  File "C:\newway\intranet\.venv\Lib\site-packages\django\core\handlers\exception.py", line 55, in inner
    response = get_response(request)
  File "C:\newway\intranet\.venv\Lib\site-packages\django\core\handlers\base.py", line 197, in _get_response
    response = wrapped_callback(request, *callback_args, **callback_kwargs)
  File "C:\newway\intranet\.venv\Lib\site-packages\django\contrib\auth\decorators.py", line 59, in _view_wrapper
    return view_func(request, *args, **kwargs)
  File "C:\newway\intranet\apps\incorporadora\views.py", line 134, in bloco_list
    blocos_data = [{'bloco': b, 'vinculos': _build_vinculos_rows(b)} for b in blocos]
                                            ~~~~~~~~~~~~~~~~~~~~^^^
  File "C:\newway\intranet\.venv\Lib\site-packages\django\contrib\auth\decorators.py", line 56, in _view_wrapper
    test_pass = test_func(request.user)
                          ^^^^^^^^^^^^
AttributeError: 'Bloco' object has no attribute 'user'
2026-05-26 09:37:58,403 ERROR django.server "GET /incorporadora/empreendimentos/1/blocos/ HTTP/1.1" 500 88592
2026-05-26 09:42:12,025 ERROR django.request Internal Server Error: /incorporadora/empreendimentos/1/blocos/
Traceback (most recent call last):
  File "C:\newway\intranet\.venv\Lib\site-packages\django\core\handlers\exception.py", line 55, in inner
    response = get_response(request)
  File "C:\newway\intranet\.venv\Lib\site-packages\django\core\handlers\base.py", line 197, in _get_response
    response = wrapped_callback(request, *callback_args, **callback_kwargs)
  File "C:\newway\intranet\.venv\Lib\site-packages\django\contrib\auth\decorators.py", line 59, in _view_wrapper
    return view_func(request, *args, **kwargs)
  File "C:\newway\intranet\apps\incorporadora\views.py", line 134, in bloco_list
    blocos_data = [{'bloco': b, 'vinculos': _build_vinculos_rows(b)} for b in blocos]
                                            ~~~~~~~~~~~~~~~~~~~~^^^
  File "C:\newway\intranet\.venv\Lib\site-packages\django\contrib\auth\decorators.py", line 56, in _view_wrapper
    test_pass = test_func(request.user)
                          ^^^^^^^^^^^^
AttributeError: 'Bloco' object has no attribute 'user'
2026-05-26 09:42:12,027 ERROR django.server "GET /incorporadora/empreendimentos/1/blocos/ HTTP/1.1" 500 88592
2026-05-26 09:42:44,147 ERROR django.request Internal Server Error: /incorporadora/empreendimentos/1/blocos/
Traceback (most recent call last):
  File "C:\newway\intranet\.venv\Lib\site-packages\django\core\handlers\exception.py", line 55, in inner
    response = get_response(request)
  File "C:\newway\intranet\.venv\Lib\site-packages\django\core\handlers\base.py", line 197, in _get_response
    response = wrapped_callback(request, *callback_args, **callback_kwargs)
  File "C:\newway\intranet\.venv\Lib\site-packages\django\contrib\auth\decorators.py", line 59, in _view_wrapper
    return view_func(request, *args, **kwargs)
  File "C:\newway\intranet\apps\incorporadora\views.py", line 134, in bloco_list
    blocos_data = [{'bloco': b, 'vinculos': _build_vinculos_rows(b)} for b in blocos]
                                            ~~~~~~~~~~~~~~~~~~~~^^^
  File "C:\newway\intranet\.venv\Lib\site-packages\django\contrib\auth\decorators.py", line 56, in _view_wrapper
    test_pass = test_func(request.user)
                          ^^^^^^^^^^^^
AttributeError: 'Bloco' object has no attribute 'user'
2026-05-26 09:42:44,150 ERROR django.server "GET /incorporadora/empreendimentos/1/blocos/ HTTP/1.1" 500 88592
